<?xml version="1.0" encoding="UTF-8"?>
<testsuite xmlns:xsi="http://www.w3.org/2001/XMLSchema-instance" xsi:noNamespaceSchemaLocation="https://maven.apache.org/surefire/maven-surefire-plugin/xsd/surefire-test-report.xsd" name="nz.ac.auckland.se281.MainTest" time="0.289" tests="108" errors="0" skipped="0" failures="0">
  <properties>
[...]
</properties>
  <testcase name="T1_B_antisymmetry" classname="nz.ac.auckland.se281.MainTest$Task1" time="0.032"/>
  <testcase name="T1_C_reflexivity" classname="nz.ac.auckland.se281.MainTest$Task1" time="0.002"/>
  <testcase name="T1_C_roots" classname="nz.ac.auckland.se281.MainTest$Task1" time="0.004"/>
  <testcase name="T1_B_reflexivity" classname="nz.ac.auckland.se281.MainTest$Task1" time="0.001"/>
  <testcase name="T1_B_equivalence_class_1" classname="nz.ac.auckland.se281.MainTest$Task1" time="0.002"/>
  <testcase name="T1_A_antisymmetry" classname="nz.ac.auckland.se281.MainTest$Task1" time="0.004"/>
  <testcase name="T1_C_equivalence_class_0" classname="nz.ac.auckland.se281.MainTest$Task1" time="0.003"/>
  <testcase name="T1_C_equivalence_class_1" classname="nz.ac.auckland.se281.MainTest$Task1" time="0.004"/>
  <testcase name="T1_A_reflexivity" classname="nz.ac.auckland.se281.MainTest$Task1" time="0.005"/>
  <testcase name="T1_C_transitivity" classname="nz.ac.auckland.se281.MainTest$Task1" time="0.011"/>
  <testcase name="T1_B_transitivity" classname="nz.ac.auckland.se281.MainTest$Task1" time="0.005"/>
  <testcase name="T1_A_transitivity" classname="nz.ac.auckland.se281.MainTest$Task1" time="0.004"/>
  <testcase name="T1_A_roots" classname="nz.ac.auckland.se281.MainTest$Task1" time="0.001"/>
  <testcase name="T1_C_equivalence" classname="nz.ac.auckland.se281.MainTest$Task1" time="0.004"/>
  <testcase name="T1_C_symmetry" classname="nz.ac.auckland.se281.MainTest$Task1" time="0.003"/>
  <testcase name="T1_B_equivalence" classname="nz.ac.auckland.se281.MainTest$Task1" time="0.003"/>
  <testcase name="T1_B_roots" classname="nz.ac.auckland.se281.MainTest$Task1" time="0.002"/>
  <testcase name="T1_B_symmetry" classname="nz.ac.auckland.se281.MainTest$Task1" time="0.001"/>
  <testcase name="T1_C_antisymmetry" classname="nz.ac.auckland.se281.MainTest$Task1" time="0.003"/>
  <testcase name="T1_A_equivalence" classname="nz.ac.auckland.se281.MainTest$Task1" time="0.006"/>
  <testcase name="T1_A_symmetry" classname="nz.ac.auckland.se281.MainTest$Task1" time="0.003"/>
  <testcase name="T2_B_iterative_BFS" classname="nz.ac.auckland.se281.MainTest$Task2" time="0.003"/>
  <testcase name="T2_B_iterative_DFS" classname="nz.ac.auckland.se281.MainTest$Task2" time="0.002"/>
  <testcase name="T2_C_iterative_BFS" classname="nz.ac.auckland.se281.MainTest$Task2" time="0.002"/>
  <testcase name="T2_C_iterative_DFS" classname="nz.ac.auckland.se281.MainTest$Task2" time="0.002"/>
  <testcase name="T2_A_iterative_BFS" classname="nz.ac.auckland.se281.MainTest$Task2" time="0.002"/>
  <testcase name="T2_A_iterative_DFS" classname="nz.ac.auckland.se281.MainTest$Task2" time="0.004"/>
  <testcase name="T3_A_recursive_BFS" classname="nz.ac.auckland.se281.MainTest$Task3" time="0.002"/>
  <testcase name="T3_A_recursive_DFS" classname="nz.ac.auckland.se281.MainTest$Task3" time="0.001"/>
  <testcase name="T3_B_recursive_BFS" classname="nz.ac.auckland.se281.MainTest$Task3" time="0.002"/>
  <testcase name="T3_B_recursive_DFS" classname="nz.ac.auckland.se281.MainTest$Task3" time="0.001"/>
  <testcase name="T3_C_recursive_BFS" classname="nz.ac.auckland.se281.MainTest$Task3" time="0.003"/>
  <testcase name="T3_C_recursive_DFS" classname="nz.ac.auckland.se281.MainTest$Task3" time="0.001"/>
  <testcase name="TY_01_S_check_roots" classname="nz.ac.auckland.se281.MainTest$YourTests" time="0.002"/>
  <testcase name="TY_O_equivalence" classname="nz.ac.auckland.se281.MainTest$YourTests" time="0.001"/>
  <testcase name="TY_03_Q_recursive_BFS" classname="nz.ac.auckland.se281.MainTest$YourTests" time="0.001"/>
  <testcase name="TY_P_transitivity" classname="nz.ac.auckland.se281.MainTest$YourTests" time="0.002"/>
  <testcase name="TY_H_equivalence_class_1" classname="nz.ac.auckland.se281.MainTest$YourTests" time="0.001"/>
  <testcase name="TY_03_F_IDFS" classname="nz.ac.auckland.se281.MainTest$YourTests" time="0.004"/>
  <testcase name="TY_N_equivalence" classname="nz.ac.auckland.se281.MainTest$YourTests" time="0.005"/>
  <testcase name="TY_I_equivalence_class_0" classname="nz.ac.auckland.se281.MainTest$YourTests" time="0.005"/>
  <testcase name="TY_03_S_RBFS" classname="nz.ac.auckland.se281.MainTest$YourTests" time="0.002"/>
  <testcase name="TY_J_equivalence_class_0" classname="nz.ac.auckland.se281.MainTest$YourTests" time="0.002"/>
  <testcase name="TY_O_transitivity" classname="nz.ac.auckland.se281.MainTest$YourTests" time="0.004"/>
  <testcase name="TY_08_T_RDFS" classname="nz.ac.auckland.se281.MainTest$YourTests" time="0.006"/>
  <testcase name="TY_P_reflexivity" classname="nz.ac.auckland.se281.MainTest$YourTests" time="0.003"/>
  <testcase name="TY_01_F_IBFS" classname="nz.ac.auckland.se281.MainTest$YourTests" time="0.003"/>
  <testcase name="TY_N_transitivity" classname="nz.ac.auckland.se281.MainTest$YourTests" time="0.002"/>
  <testcase name="TY_H_roots" classname="nz.ac.auckland.se281.MainTest$YourTests" time="0.002"/>
  <testcase name="TY_O_reflexivity" classname="nz.ac.auckland.se281.MainTest$YourTests" time="0.002"/>
  <testcase name="TY_01_Q_iterative_BFS" classname="nz.ac.auckland.se281.MainTest$YourTests" time="0.001"/>
  <testcase name="TY_N_equivalence_class_1" classname="nz.ac.auckland.se281.MainTest$YourTests" time="0.003"/>
  <testcase name="TY_J_antisymmetry" classname="nz.ac.auckland.se281.MainTest$YourTests" time="0.001"/>
  <testcase name="TY_04_Q_recursive_DFS" classname="nz.ac.auckland.se281.MainTest$YourTests" time="0.002"/>
  <testcase name="TY_06_T_RBFS" classname="nz.ac.auckland.se281.MainTest$YourTests" time="0.001"/>
  <testcase name="TY_J_equivalence" classname="nz.ac.auckland.se281.MainTest$YourTests" time="0.001"/>
  <testcase name="TY_N_reflexivity" classname="nz.ac.auckland.se281.MainTest$YourTests" time="0.002"/>
  <testcase name="TY_03_R_recursive_BFS" classname="nz.ac.auckland.se281.MainTest$YourTests" time="0.001"/>
  <testcase name="G_TXT_iterative_BFS" classname="nz.ac.auckland.se281.MainTest$YourTests" time="0.002"/>
  <testcase name="G_TXT_iterative_DFS" classname="nz.ac.auckland.se281.MainTest$YourTests" time="0.002"/>
  <testcase name="TY_O_equivalence_class_0" classname="nz.ac.auckland.se281.MainTest$YourTests" time="0.001"/>
  <testcase name="TY_I_equivalence" classname="nz.ac.auckland.se281.MainTest$YourTests" time="0.001"/>
  <testcase name="TY_P_equivalence_class_0" classname="nz.ac.auckland.se281.MainTest$YourTests" time="0.001"/>
  <testcase name="TY_04_F_RDFS" classname="nz.ac.auckland.se281.MainTest$YourTests" time="0.002"/>
  <testcase name="G_TXT_recursive_BFS" classname="nz.ac.auckland.se281.MainTest$YourTests" time="0.001"/>
  <testcase name="G_TXT_recursive_DFS" classname="nz.ac.auckland.se281.MainTest$YourTests" time="0.001"/>
  <testcase name="TY_I_antisymmetry" classname="nz.ac.auckland.se281.MainTest$YourTests" time="0.001"/>
  <testcase name="TY_P_symmetry" classname="nz.ac.auckland.se281.MainTest$YourTests" time="0.002"/>
  <testcase name="TY_I_roots" classname="nz.ac.auckland.se281.MainTest$YourTests" time="0.001"/>
  <testcase name="TY_H_equivalence" classname="nz.ac.auckland.se281.MainTest$YourTests" time="0.001"/>
  <testcase name="TY_O_symmetry" classname="nz.ac.auckland.se281.MainTest$YourTests" time="0.001"/>
  <testcase name="TY_10_U_RBFS" classname="nz.ac.auckland.se281.MainTest$YourTests" time="0.002"/>
  <testcase name="TY_N_roots" classname="nz.ac.auckland.se281.MainTest$YourTests" time="0.002"/>
  <testcase name="TY_04_S_IDFS" classname="nz.ac.auckland.se281.MainTest$YourTests" time="0.001"/>
  <testcase name="TY_N_symmetry" classname="nz.ac.auckland.se281.MainTest$YourTests" time="0.005"/>
  <testcase name="TY_H_antisymmetry" classname="nz.ac.auckland.se281.MainTest$YourTests" time="0.001"/>
  <testcase name="F_TXT_iterative_BFS" classname="nz.ac.auckland.se281.MainTest$YourTests" time="0.001"/>
  <testcase name="F_TXT_iterative_DFS" classname="nz.ac.auckland.se281.MainTest$YourTests" time="0.003"/>
  <testcase name="TY_09_U_IBFS" classname="nz.ac.auckland.se281.MainTest$YourTests" time="0.001"/>
  <testcase name="TY_09_U_RDFS" classname="nz.ac.auckland.se281.MainTest$YourTests" time="0.001"/>
  <testcase name="TY_P_antisymmetry" classname="nz.ac.auckland.se281.MainTest$YourTests" time="0.002"/>
  <testcase name="TY_02_Q_iterative_DFS" classname="nz.ac.auckland.se281.MainTest$YourTests" time="0.001"/>
  <testcase name="TY_J_reflexivity" classname="nz.ac.auckland.se281.MainTest$YourTests" time="0.001"/>
  <testcase name="TY_02_F_RBFS" classname="nz.ac.auckland.se281.MainTest$YourTests" time="0.002"/>
  <testcase name="F_TXT_recursive_BFS" classname="nz.ac.auckland.se281.MainTest$YourTests" time="0.005"/>
  <testcase name="F_TXT_recursive_DFS" classname="nz.ac.auckland.se281.MainTest$YourTests" time="0.001"/>
  <testcase name="TY_01_R_iterative_BFS" classname="nz.ac.auckland.se281.MainTest$YourTests" time="0.002"/>
  <testcase name="TY_J_roots" classname="nz.ac.auckland.se281.MainTest$YourTests" time="0.001"/>
  <testcase name="TY_04_R_recursive_DFS" classname="nz.ac.auckland.se281.MainTest$YourTests" time="0.001"/>
  <testcase name="TY_I_reflexivity" classname="nz.ac.auckland.se281.MainTest$YourTests" time="0.001"/>
  <testcase name="TY_O_roots" classname="nz.ac.auckland.se281.MainTest$YourTests" time="0.001"/>
  <testcase name="TY_02_S_IBFS" classname="nz.ac.auckland.se281.MainTest$YourTests" time="0.001"/>
  <testcase name="TY_J_symmetry" classname="nz.ac.auckland.se281.MainTest$YourTests" time="0.001"/>
  <testcase name="TY_J_transitivity" classname="nz.ac.auckland.se281.MainTest$YourTests" time="0.002"/>
  <testcase name="TY_O_antisymmetry" classname="nz.ac.auckland.se281.MainTest$YourTests" time="0.001"/>
  <testcase name="TY_07_T_IDFS" classname="nz.ac.auckland.se281.MainTest$YourTests" time="0.001"/>
  <testcase name="TY_H_reflexivity" classname="nz.ac.auckland.se281.MainTest$YourTests" time="0.002"/>
  <testcase name="TY_I_symmetry" classname="nz.ac.auckland.se281.MainTest$YourTests" time="0.001"/>
  <testcase name="TY_H_symmetry" classname="nz.ac.auckland.se281.MainTest$YourTests" time="0.001"/>
  <testcase name="TY_I_transitivity" classname="nz.ac.auckland.se281.MainTest$YourTests" time="0.001"/>
  <testcase name="TY_N_antisymmetry" classname="nz.ac.auckland.se281.MainTest$YourTests" time="0.001"/>
  <testcase name="TY_11_U_IDFS" classname="nz.ac.auckland.se281.MainTest$YourTests" time="0.002"/>
  <testcase name="TY_P_roots" classname="nz.ac.auckland.se281.MainTest$YourTests" time="0.001"/>
  <testcase name="TY_05_S_RDFS" classname="nz.ac.auckland.se281.MainTest$YourTests" time="0.001"/>
  <testcase name="TY_P_equivalence" classname="nz.ac.auckland.se281.MainTest$YourTests" time="0.001"/>
  <testcase name="TY_05_T_IBFS" classname="nz.ac.auckland.se281.MainTest$YourTests" time="0.001"/>
  <testcase name="TY_H_transitivity" classname="nz.ac.auckland.se281.MainTest$YourTests" time="0.002"/>
  <testcase name="TY_02_R_iterative_DFS" classname="nz.ac.auckland.se281.MainTest$YourTests" time="0.001"/>
</testsuite>